\BOOKMARK [0][-]{chapter*.2}{\376\377\004\022\004\101\004\102\004\103\004\077}{}% 1
\BOOKMARK [0][-]{chapter.1}{\376\377\004\037\004\076\004\101\004\102\004\060\004\075\004\076\004\062\004\072\004\060\000\040\004\067\004\060\004\064\004\060\004\107\004\126\000\040\004\110\004\102\004\103\004\107\004\075\004\076\004\063\004\076\000\040\004\126\004\075\004\102\004\065\004\073\004\065\004\072\004\102\004\103}{}% 2
\BOOKMARK [1][-]{section.1.1}{\376\377\004\035\004\060\004\062\004\107\004\060\004\075\004\075\004\117\000\040\004\067\000\040\004\077\004\126\004\064\004\072\004\100\004\126\004\077\004\073\004\065\004\075\004\075\004\117\004\074}{chapter.1}% 3
\BOOKMARK [1][-]{section.1.2}{\376\377\004\037\004\100\004\076\004\061\004\073\004\065\004\074\004\070\000\040\004\006\004\063\004\100\004\076\004\062\004\076\004\063\004\076\000\040\004\101\004\065\004\100\004\065\004\064\004\076\004\062\004\070\004\111\004\060}{chapter.1}% 4
\BOOKMARK [0][-]{chapter.2}{\376\377\004\042\004\065\004\076\004\100\004\065\004\102\004\070\004\107\004\075\004\065\000\040\004\100\004\126\004\110\004\065\004\075\004\075\004\117\000\040\004\077\004\100\004\076\004\061\004\073\004\065\004\074\004\070}{}% 5
\BOOKMARK [1][-]{section.2.1}{\376\377\004\035\004\060\004\062\004\107\004\060\004\075\004\075\004\117\000\040\004\067\000\040\004\077\004\126\004\064\004\072\004\100\004\126\004\077\004\073\004\065\004\075\004\075\004\117\004\074\000\040\000\050\000R\000L\000\051}{chapter.2}% 6
\BOOKMARK [1][-]{section.2.2}{\376\377\004\023\004\073\004\070\004\061\004\070\004\075\004\075\004\065\000\040\000Q\000-\004\075\004\060\004\062\004\107\004\060\004\075\004\075\004\117}{chapter.2}% 7
\BOOKMARK [2][-]{subsection.2.2.1}{\376\377\000Q\000-\004\075\004\060\004\062\004\107\004\060\004\075\004\075\004\117}{section.2.2}% 8
\BOOKMARK [2][-]{subsection.2.2.2}{\376\377\000D\000e\000e\000p\000\040\000Q\000-\000N\000e\000t\000w\000o\000r\000k}{section.2.2}% 9
\BOOKMARK [1][-]{section.2.3}{\376\377\000A\000d\000v\000a\000n\000t\000a\000g\000e\000\040\000A\000c\000t\000o\000r\000-\000C\000r\000i\000t\000i\000c\000\040\000\050\000A\0002\000C\000\051}{chapter.2}% 10
\BOOKMARK [2][-]{subsection.2.3.1}{\376\377\004\020\004\072\004\102\004\076\004\100}{section.2.3}% 11
\BOOKMARK [2][-]{subsection.2.3.2}{\376\377\004\032\004\100\004\070\004\102\004\070\004\072}{section.2.3}% 12
\BOOKMARK [1][-]{section.2.4}{\376\377\004\037\004\100\004\076\004\072\004\101\004\070\004\074\004\060\004\073\004\114\004\075\004\060\000\040\004\076\004\077\004\102\004\070\004\074\004\126\004\067\004\060\004\106\004\126\004\117\000\040\004\077\004\076\004\073\004\126\004\102\004\070\004\072\004\070\000\050\000P\000P\000O\000\051}{chapter.2}% 13
\BOOKMARK [1][-]{section.2.5}{\376\377\004\041\004\065\004\100\004\065\004\064\004\076\004\062\004\070\004\111\004\065\000\040\004\063\004\100\004\070}{chapter.2}% 14
\BOOKMARK [0][-]{chapter.3}{\376\377\004\047\004\070\004\101\004\065\004\073\004\114\004\075\004\126\000\040\004\065\004\072\004\101\004\077\004\065\004\100\004\070\004\074\004\065\004\075\004\102\004\070}{}% 15
\BOOKMARK [1][-]{section.3.1}{\376\377\004\041\004\065\004\100\004\065\004\064\004\076\004\062\004\070\004\111\004\065\000\040\004\100\004\076\004\067\004\100\004\076\004\061\004\072\004\070\000\040\004\102\004\060\000\040\004\076\004\061\004\073\004\060\004\064\004\075\004\060\004\075\004\075\004\117}{chapter.3}% 16
\BOOKMARK [2][-]{subsection.3.1.1}{\376\377\004\041\004\065\004\100\004\065\004\064\004\076\004\062\004\070\004\111\004\065\000\040\004\100\004\076\004\067\004\100\004\076\004\061\004\072\004\070}{section.3.1}% 17
\BOOKMARK [2][-]{subsection.3.1.2}{\376\377\004\022\004\070\004\072\004\076\004\100\004\070\004\101\004\102\004\060\004\075\004\126\000\040\004\061\004\126\004\061\004\073\004\126\004\076\004\102\004\065\004\072\004\070}{section.3.1}% 18
\BOOKMARK [1][-]{section.3.2}{\376\377\004\037\004\100\004\070\004\072\004\073\004\060\004\064\004\070\000\040\004\060\004\063\004\065\004\075\004\102\004\060\000\040\004\075\004\060\000\040\004\063\004\100\004\126\000\040\000S\000p\000a\000c\000e\000\040\000I\000n\000v\000a\000d\000e\000r\000s}{chapter.3}% 19
\BOOKMARK [2][-]{subsection.3.2.1}{\376\377\000D\000Q\000N\000\040\004\060\004\063\004\065\004\075\004\102}{section.3.2}% 20
\BOOKMARK [2][-]{subsection.3.2.2}{\376\377\000P\000P\000O\000\040\004\060\004\063\004\065\004\075\004\102}{section.3.2}% 21
\BOOKMARK [2][-]{subsection.3.2.3}{\376\377\000A\0002\000C\000\040\004\060\004\063\004\065\004\075\004\102}{section.3.2}% 22
\BOOKMARK [0][-]{chapter*.3}{\376\377\004\022\004\070\004\101\004\075\004\076\004\062\004\072\004\070}{}% 23
\BOOKMARK [0][-]{chapter*.3}{\376\377\004\041\004\077\004\070\004\101\004\076\004\072\000\040\004\062\004\070\004\072\004\076\004\100\004\070\004\101\004\102\004\060\004\075\004\070\004\105\000\040\004\064\004\066\004\065\004\100\004\065\004\073}{}% 24
